#
# A fatal error has been detected by the Java Runtime Environment:
#
#  EXCEPTION_PRIV_INSTRUCTION (0xc0000096) at pc=0x00000000026359ad, pid=7788, tid=0x0000000000001b18
#
# JRE version: Java(TM) SE Runtime Environment (8.0_202-b08) (build 1.8.0_202-b08)
# Java VM: Java HotSpot(TM) 64-Bit Server VM (25.202-b08 mixed mode windows-amd64 compressed oops)
# Problematic frame:
# j  javax.xml.bind.annotation.XmlAccessType.<clinit>()V+219
#
# Failed to write core dump. Minidumps are not enabled by default on client versions of Windows
#
# If you would like to submit a bug report, please visit:
#   http://bugreport.java.com/bugreport/crash.jsp
#

---------------  T H R E A D  ---------------

Current thread (0x000000000242e800):  JavaThread "main" [_thread_in_Java, id=6936, stack(0x0000000002430000,0x0000000002530000)]

siginfo: ExceptionCode=0xc0000096

Registers:
RAX=0x0000000000000000, RBX=0x00000000000000db, RCX=0x0000000000000000, RDX=0x0000000000000000
RSP=0x000000000252e0c0, RBP=0x000000000252e158, RSI=0x000000000242e800, RDI=0x00000000ffffffff
R8 =0x0000000000000061, R9 =0x0000000002421850, R10=0x0000000000000061, R11=0x000000000252d890
R12=0x0000000000000000, R13=0x00000000198f5a02, R14=0x000000000252e160, R15=0x000000000242e800
RIP=0x00000000026359ad, EFLAGS=0x0000000000010206

Top of Stack: (sp=0x000000000252e0c0)
0x000000000252e0c0:   000000000242e800 000000000252e160
0x000000000252e0d0:   00000000000000db 000000000242e800
0x000000000252e0e0:   00000000198f6d68 000000005afbeef0
0x000000000252e0f0:   000000000000000b 000000000000000b
0x000000000252e100:   00000000ffffffff 000000000242e800
0x000000000252e110:   000000000252e158 000000000252e140
0x000000000252e120:   00000000000000db 000000000000000a
0x000000000252e130:   000000000252e160 0000000000000000
0x000000000252e140:   00000000198f5a00 0000000000000000
0x000000000252e150:   000000000252e168 000000000252e240
0x000000000252e160:   00000000026308da cafebabecafebabe
0x000000000252e170:   0000000000000000 0000000000000000
0x000000000252e180:   0000000000000000 0000000000000000
0x000000000252e190:   0000000000000000 0000000000000000
0x000000000252e1a0:   0000000000000000 0000000000000000
0x000000000252e1b0:   0000000000000000 0000000000000000 

Instructions: (pc=0x00000000026359ad)
0x000000000263598d:   48 b9 c0 df da 5a 00 00 00 00 48 ba 37 59 63 02
0x000000000263599d:   00 00 00 00 4c 8b c4 48 83 e4 f0 e8 13 13 47 58
0x00000000026359ad:   f4 66 90 00 00 00 00 00 00 00 00 00 00 00 00 00
0x00000000026359bd:   00 00 00 80 20 00 00 00 00 00 00 a8 df da 5a 00 


Register to memory mapping:

RAX=0x0000000000000000 is an unknown value
RBX=0x00000000000000db is an unknown value
RCX=0x0000000000000000 is an unknown value
RDX=0x0000000000000000 is an unknown value
RSP=0x000000000252e0c0 is pointing into the stack for thread: 0x000000000242e800
RBP=0x000000000252e158 is pointing into the stack for thread: 0x000000000242e800
RSI=0x000000000242e800 is a thread
RDI=0x00000000ffffffff is an unallocated location in the heap
R8 =0x0000000000000061 is an unknown value
R9 =0x0000000002421850 is an unknown value
R10=0x0000000000000061 is an unknown value
R11=0x000000000252d890 is pointing into the stack for thread: 0x000000000242e800
R12=0x0000000000000000 is an unknown value
R13=0x00000000198f5a02 is pointing into metadata
R14=0x000000000252e160 is pointing into the stack for thread: 0x000000000242e800
R15=0x000000000242e800 is a thread


Stack: [0x0000000002430000,0x0000000002530000],  sp=0x000000000252e0c0,  free space=1016k
Native frames: (J=compiled Java code, j=interpreted, Vv=VM code, C=native code)
C  0x00000000026359ad


---------------  P R O C E S S  ---------------

Java Threads: ( => current thread )
  0x0000000018b1a000 JavaThread "Service Thread" daemon [_thread_blocked, id=14328, stack(0x0000000018ed0000,0x0000000018fd0000)]
  0x000000001719b800 JavaThread "C1 CompilerThread2" daemon [_thread_blocked, id=17024, stack(0x00000000189d0000,0x0000000018ad0000)]
  0x000000001718d800 JavaThread "C2 CompilerThread1" daemon [_thread_in_native, id=17272, stack(0x00000000188d0000,0x00000000189d0000)]
  0x0000000017189000 JavaThread "C2 CompilerThread0" daemon [_thread_blocked, id=7680, stack(0x00000000187d0000,0x00000000188d0000)]
  0x0000000017185000 JavaThread "Attach Listener" daemon [_thread_blocked, id=12328, stack(0x00000000186d0000,0x00000000187d0000)]
  0x0000000017184000 JavaThread "Signal Dispatcher" daemon [_thread_blocked, id=6944, stack(0x00000000185d0000,0x00000000186d0000)]
  0x000000000262c800 JavaThread "Finalizer" daemon [_thread_blocked, id=1452, stack(0x00000000183d0000,0x00000000184d0000)]
  0x000000001716a000 JavaThread "Reference Handler" daemon [_thread_blocked, id=12336, stack(0x00000000182d0000,0x00000000183d0000)]
=>0x000000000242e800 JavaThread "main" [_thread_in_Java, id=6936, stack(0x0000000002430000,0x0000000002530000)]

Other Threads:
  0x0000000017148000 VMThread [stack: 0x00000000181d0000,0x00000000182d0000] [id=12632]
  0x0000000018b27000 WatcherThread [stack: 0x0000000018fd0000,0x00000000190d0000] [id=11788]

VM state:not at safepoint (normal execution)

VM Mutex/Monitor currently owned by a thread: None

heap address: 0x0000000081800000, size: 2024 MB, Compressed Oops mode: 32-bit
Narrow klass base: 0x0000000000000000, Narrow klass shift: 3
Compressed class space size: 1073741824 Address: 0x0000000100000000

Heap:
 PSYoungGen      total 38400K, used 13373K [0x00000000d5d80000, 0x00000000d8800000, 0x0000000100000000)
  eden space 33280K, 40% used [0x00000000d5d80000,0x00000000d6a8f400,0x00000000d7e00000)
  from space 5120K, 0% used [0x00000000d8300000,0x00000000d8300000,0x00000000d8800000)
  to   space 5120K, 0% used [0x00000000d7e00000,0x00000000d7e00000,0x00000000d8300000)
 ParOldGen       total 87552K, used 0K [0x0000000081800000, 0x0000000086d80000, 0x00000000d5d80000)
  object space 87552K, 0% used [0x0000000081800000,0x0000000081800000,0x0000000086d80000)
 Metaspace       used 9445K, capacity 9552K, committed 9600K, reserved 1058816K
  class space    used 1121K, capacity 1136K, committed 1152K, reserved 1048576K

Card table byte_map: [0x00000000119f0000,0x0000000011df0000] byte_map_base: 0x00000000115e4000

Marking Bits: (ParMarkBitMap*) 0x000000005afd5ce0
 Begin Bits: [0x00000000124a0000, 0x0000000014440000)
 End Bits:   [0x0000000014440000, 0x00000000163e0000)

Polling page: 0x0000000000640000

CodeCache: size=245760Kb used=2520Kb max_used=2520Kb free=243239Kb
 bounds [0x0000000002630000, 0x00000000028b0000, 0x0000000011630000]
 total_blobs=796 nmethods=503 adapters=206
 compilation: enabled

Compilation events (10 events):
Event: 0.576 Thread 0x000000001719b800 nmethod 495 0x00000000028a2010 code [0x00000000028a2160, 0x00000000028a2310]
Event: 0.576 Thread 0x000000001719b800  496       3       sun.misc.ProxyGenerator$ConstantPool$Entry::<init> (5 bytes)
Event: 0.576 Thread 0x000000001719b800 nmethod 496 0x00000000028a1b90 code [0x00000000028a1d00, 0x00000000028a1f10]
Event: 0.576 Thread 0x000000001719b800  499       3       sun.misc.ProxyGenerator$ConstantPool::getUtf8 (18 bytes)
Event: 0.577 Thread 0x000000001719b800 nmethod 499 0x00000000028a16d0 code [0x00000000028a1840, 0x00000000028a1ab8]
Event: 0.577 Thread 0x000000001719b800  500       3       sun.misc.ProxyGenerator$ConstantPool::getValue (91 bytes)
Event: 0.577 Thread 0x000000001719b800 nmethod 500 0x00000000028a64d0 code [0x00000000028a6760, 0x00000000028a7938]
Event: 0.577 Thread 0x000000001719b800  497       3       sun.misc.ProxyGenerator$ConstantPool$Entry::<init> (5 bytes)
Event: 0.578 Thread 0x000000001719b800 nmethod 497 0x00000000028a3e90 code [0x00000000028a3fe0, 0x00000000028a4190]
Event: 0.578 Thread 0x000000001719b800  503  s    3       java.io.DataOutputStream::write (14 bytes)

GC Heap History (0 events):
No events

Deoptimization events (1 events):
Event: 0.572 Thread 0x000000000242e800 Uncommon trap: reason=unstable_if action=reinterpret pc=0x000000000288dbd0 method=java.util.HashMap.getNode(ILjava/lang/Object;)Ljava/util/HashMap$Node; @ 62

Classes redefined (0 events):
No events

Internal exceptions (10 events):
Event: 0.168 Thread 0x000000000242e800 Exception <a 'java/security/PrivilegedActionException'> (0x00000000d6037680) thrown at [C:\re\workspace\8-2-build-windows-amd64-cygwin\jdk8u202\12323\hotspot\src\share\vm\prims\jvm.cpp, line 1502]
Event: 0.463 Thread 0x000000000242e800 Exception <a 'java/lang/ArrayIndexOutOfBoundsException': 18> (0x00000000d66f6cd8) thrown at [C:\re\workspace\8-2-build-windows-amd64-cygwin\jdk8u202\12323\hotspot\src\share\vm\interpreter\interpreterRuntime.cpp, line 368]
Event: 0.464 Thread 0x000000000242e800 Exception <a 'java/lang/ArrayIndexOutOfBoundsException': 69> (0x00000000d66f7f20) thrown at [C:\re\workspace\8-2-build-windows-amd64-cygwin\jdk8u202\12323\hotspot\src\share\vm\interpreter\interpreterRuntime.cpp, line 368]
Event: 0.465 Thread 0x000000000242e800 Exception <a 'java/lang/ArrayIndexOutOfBoundsException': 76> (0x00000000d66f93c8) thrown at [C:\re\workspace\8-2-build-windows-amd64-cygwin\jdk8u202\12323\hotspot\src\share\vm\interpreter\interpreterRuntime.cpp, line 368]
Event: 0.466 Thread 0x000000000242e800 Exception <a 'java/lang/ArrayIndexOutOfBoundsException'> (0x00000000d6700790) thrown at [C:\re\workspace\8-2-build-windows-amd64-cygwin\jdk8u202\12323\hotspot\src\share\vm\runtime\sharedRuntime.cpp, line 605]
Event: 0.466 Thread 0x000000000242e800 Exception <a 'java/lang/ArrayIndexOutOfBoundsException'> (0x00000000d67020f8) thrown at [C:\re\workspace\8-2-build-windows-amd64-cygwin\jdk8u202\12323\hotspot\src\share\vm\runtime\sharedRuntime.cpp, line 605]
Event: 0.467 Thread 0x000000000242e800 Exception <a 'java/lang/ArrayIndexOutOfBoundsException'> (0x00000000d670ade8) thrown at [C:\re\workspace\8-2-build-windows-amd64-cygwin\jdk8u202\12323\hotspot\src\share\vm\runtime\sharedRuntime.cpp, line 605]
Event: 0.567 Thread 0x000000000242e800 Exception <a 'java/lang/ArrayIndexOutOfBoundsException'> (0x00000000d6a1f590) thrown at [C:\re\workspace\8-2-build-windows-amd64-cygwin\jdk8u202\12323\hotspot\src\share\vm\runtime\sharedRuntime.cpp, line 605]
Event: 0.567 Thread 0x000000000242e800 Exception <a 'java/lang/ArrayIndexOutOfBoundsException'> (0x00000000d6a20668) thrown at [C:\re\workspace\8-2-build-windows-amd64-cygwin\jdk8u202\12323\hotspot\src\share\vm\runtime\sharedRuntime.cpp, line 605]
Event: 0.576 Thread 0x000000000242e800 Exception <a 'java/lang/ArrayIndexOutOfBoundsException'> (0x00000000d6a5bff8) thrown at [C:\re\workspace\8-2-build-windows-amd64-cygwin\jdk8u202\12323\hotspot\src\share\vm\runtime\sharedRuntime.cpp, line 605]

Events (10 events):
Event: 0.574 loading class com/sun/codemodel/JCommentPart
Event: 0.574 loading class com/sun/codemodel/JCommentPart done
Event: 0.575 Executing VM operation: Deoptimize
Event: 0.575 Executing VM operation: Deoptimize done
Event: 0.575 loading class com/sun/tools/xjc/generator/annotation/spec/XmlAccessorTypeWriter
Event: 0.575 loading class com/sun/tools/xjc/generator/annotation/spec/XmlAccessorTypeWriter done
Event: 0.576 loading class javax/xml/bind/annotation/XmlAccessorType
Event: 0.576 loading class javax/xml/bind/annotation/XmlAccessorType done
Event: 0.576 loading class javax/xml/bind/annotation/XmlAccessType
Event: 0.576 loading class javax/xml/bind/annotation/XmlAccessType done


Dynamic libraries:
0x00007ff7b8450000 - 0x00007ff7b8487000 	C:\Program Files\Java\jdk1.8.0_202\bin\java.exe
0x00007ff917c40000 - 0x00007ff917e30000 	C:\WINDOWS\SYSTEM32\ntdll.dll
0x00007ff9175d0000 - 0x00007ff917682000 	C:\WINDOWS\System32\KERNEL32.DLL
0x00007ff914cc0000 - 0x00007ff914f63000 	C:\WINDOWS\System32\KERNELBASE.dll
0x00007ff916950000 - 0x00007ff9169f3000 	C:\WINDOWS\System32\ADVAPI32.dll
0x00007ff915fc0000 - 0x00007ff91605e000 	C:\WINDOWS\System32\msvcrt.dll
0x00007ff915de0000 - 0x00007ff915e77000 	C:\WINDOWS\System32\sechost.dll
0x00007ff9176f0000 - 0x00007ff917810000 	C:\WINDOWS\System32\RPCRT4.dll
0x00007ff917a60000 - 0x00007ff917bf3000 	C:\WINDOWS\System32\USER32.dll
0x00007ff9153d0000 - 0x00007ff9153f1000 	C:\WINDOWS\System32\win32u.dll
0x00007ff915d00000 - 0x00007ff915d26000 	C:\WINDOWS\System32\GDI32.dll
0x00007ff915080000 - 0x00007ff915214000 	C:\WINDOWS\System32\gdi32full.dll
0x00007ff914f70000 - 0x00007ff91500e000 	C:\WINDOWS\System32\msvcp_win.dll
0x00007ff915220000 - 0x00007ff91531a000 	C:\WINDOWS\System32\ucrtbase.dll
0x00007ff8f5c90000 - 0x00007ff8f5f15000 	C:\WINDOWS\WinSxS\amd64_microsoft.windows.common-controls_6595b64144ccf1df_6.0.18362.175_none_e6c3ab1f131014c9\COMCTL32.dll
0x00007ff9170e0000 - 0x00007ff917416000 	C:\WINDOWS\System32\combase.dll
0x00007ff914bd0000 - 0x00007ff914c51000 	C:\WINDOWS\System32\bcryptPrimitives.dll
0x00007ff916a00000 - 0x00007ff916a2e000 	C:\WINDOWS\System32\IMM32.DLL
0x000000005a6d0000 - 0x000000005a7a2000 	C:\Program Files\Java\jdk1.8.0_202\jre\bin\msvcr100.dll
0x000000005a7b0000 - 0x000000005b055000 	C:\Program Files\Java\jdk1.8.0_202\jre\bin\server\jvm.dll
0x00007ff916860000 - 0x00007ff916868000 	C:\WINDOWS\System32\PSAPI.DLL
0x00007ff90e620000 - 0x00007ff90e62a000 	C:\WINDOWS\SYSTEM32\VERSION.dll
0x00007ff911400000 - 0x00007ff911424000 	C:\WINDOWS\SYSTEM32\WINMM.dll
0x00007ff913630000 - 0x00007ff913639000 	C:\WINDOWS\SYSTEM32\WSOCK32.dll
0x00007ff9113d0000 - 0x00007ff9113fd000 	C:\WINDOWS\SYSTEM32\WINMMBASE.dll
0x00007ff916ea0000 - 0x00007ff916f0f000 	C:\WINDOWS\System32\WS2_32.dll
0x00007ff915030000 - 0x00007ff91507a000 	C:\WINDOWS\System32\cfgmgr32.dll
0x00007ff90a200000 - 0x00007ff90a20f000 	C:\Program Files\Java\jdk1.8.0_202\jre\bin\verify.dll
0x00007ff905ab0000 - 0x00007ff905ad9000 	C:\Program Files\Java\jdk1.8.0_202\jre\bin\java.dll
0x00007ff9076c0000 - 0x00007ff9076d6000 	C:\Program Files\Java\jdk1.8.0_202\jre\bin\zip.dll
0x00007ff916110000 - 0x00007ff9167f0000 	C:\WINDOWS\System32\SHELL32.dll
0x00007ff916060000 - 0x00007ff916109000 	C:\WINDOWS\System32\shcore.dll
0x00007ff915430000 - 0x00007ff915bab000 	C:\WINDOWS\System32\windows.storage.dll
0x00007ff914bb0000 - 0x00007ff914bcf000 	C:\WINDOWS\System32\profapi.dll
0x00007ff914b60000 - 0x00007ff914baa000 	C:\WINDOWS\System32\powrprof.dll
0x00007ff914b10000 - 0x00007ff914b20000 	C:\WINDOWS\System32\UMPDC.dll
0x00007ff917690000 - 0x00007ff9176e2000 	C:\WINDOWS\System32\shlwapi.dll
0x00007ff914b40000 - 0x00007ff914b51000 	C:\WINDOWS\System32\kernel.appcore.dll
0x00007ff915010000 - 0x00007ff915027000 	C:\WINDOWS\System32\cryptsp.dll
0x00007ff9132c0000 - 0x00007ff9134b4000 	C:\WINDOWS\SYSTEM32\dbghelp.dll

VM Arguments:
jvm_args: -Dfile.encoding=UTF-8 -Xbootclasspath/p:C:\Program Files\netbeans\enterprise\modules\ext\javaee6-endorsed\javaee-endorsed-api-6.0.jar 
java_command: duongpth.utils.XJCGeneratorObject
java_class_path (initial): D:\XML\EzCo\build\web\WEB-INF\classes;C:\Program Files\netbeans\ide\modules\ext\jaxb\jaxb-impl-2.2.5-2.jar;C:\Program Files\netbeans\ide\modules\ext\jaxb\jaxb-xjc-2.2.5-2.jar;C:\Program Files\netbeans\ide\modules\ext\jaxb\jaxb1-impl-2.2.5-2.jar;C:\Program Files\netbeans\ide\modules\ext\jaxb\activation.jar;C:\Program Files\netbeans\ide\modules\ext\jaxb\api\jaxb-api.jar;D:\XML\sqljdbc4-4.2.jar;C:\Program Files\netbeans\enterprise\modules\ext\jstl-impl.jar;C:\Program Files\netbeans\enterprise\modules\ext\jstl-api.jar;C:\Xampp\tomcat\lib\annotations-api.jar;C:\Xampp\tomcat\lib\catalina-ant.jar;C:\Xampp\tomcat\lib\catalina-ha.jar;C:\Xampp\tomcat\lib\catalina-tribes.jar;C:\Xampp\tomcat\lib\catalina.jar;C:\Xampp\tomcat\lib\ecj-4.4.jar;C:\Xampp\tomcat\lib\el-api.jar;C:\Xampp\tomcat\lib\jasper-el.jar;C:\Xampp\tomcat\lib\jasper.jar;C:\Xampp\tomcat\lib\jsp-api.jar;C:\Xampp\tomcat\lib\servlet-api.jar;C:\Xampp\tomcat\lib\sqljdbc4-4.2.jar;C:\Xampp\tomcat\lib\tomcat-api.jar;C:\Xampp\tomcat\lib\tomcat-coyote.jar;C:\Xampp\tomcat\lib\tomcat-dbcp.jar;C:\Xampp\tomcat\lib\tomcat-i18n-es.jar;C:\Xampp\tomcat\lib\tomcat-i18n-fr.jar;C:\Xampp\tomcat\lib\tomcat-i18n-ja.jar;C:\Xampp\tomcat\lib\tomcat-jdbc.jar;C:\Xampp\tomcat\lib\tomcat-util.jar;C:\Xampp\tomcat\lib\tomcat7-websocket.jar;C:\Xampp\tomcat\lib\websocket-api.jar
Launcher Type: SUN_STANDARD

Environment Variables:
JAVA_HOME=C:\Program Files\Java\jdk1.8.0_202
PATH=C:\Program Files (x86)\Common Files\Oracle\Java\javapath;C:\WINDOWS\system32;C:\WINDOWS;C:\WINDOWS\System32\Wbem;C:\WINDOWS\System32\WindowsPowerShell\v1.0\;C:\WINDOWS\System32\OpenSSH\;C:\Program Files\Microsoft VS Code\bin;C:\Program Files\dotnet\;C:\Program Files\Microsoft SQL Server\130\Tools\Binn\;C:\Program Files\Git\cmd;C:\Program Files\nodejs\;C:\Program Files\Microsoft SQL Server\Client SDK\ODBC\130\Tools\Binn\;C:\Program Files (x86)\Microsoft SQL Server\140\Tools\Binn\;C:\Program Files\Microsoft SQL Server\140\Tools\Binn\;C:\Program Files\Microsoft SQL Server\140\DTS\Binn\;C:\Program Files (x86)\Microsoft SQL Server\Client SDK\ODBC\130\Tools\Binn\;C:\Program Files (x86)\Microsoft SQL Server\140\DTS\Binn\;C:\Program Files (x86)\Microsoft SQL Server\140\Tools\Binn\ManagementStudio\;C:\Program Files\Java\jdk1.8.0_202\bin;C:\Users\dragn\AppData\Local\Android\Sdk\platform-tools;C:\Users\dragn\AppData\Local\Android\Sdk\tools;C:\Users\dragn\AppData\Local\Android\Sdk\tools\bin;C:\Program Files\gradle-5.2.1\bin;C:\Users\dragn\AppData\Local\Microsoft\WindowsApps;C:\Users\dragn\.dotnet\tools;C:\Users\dragn\AppData\Roaming\npm;C:\Program Files\Java\jdk-11.0.2;;%USERPROFILE%\AppData\Local\Microsoft\WindowsApps
USERNAME=dragn
OS=Windows_NT
PROCESSOR_IDENTIFIER=Intel64 Family 6 Model 94 Stepping 3, GenuineIntel



---------------  S Y S T E M  ---------------

OS: Windows 10.0 , 64 bit Build 18362 (10.0.18362.86)

CPU:total 4 (initial active 4) (4 cores per cpu, 1 threads per core) family 6 model 94 stepping 3, cmov, cx8, fxsr, mmx, sse, sse2, sse3, ssse3, sse4.1, sse4.2, popcnt, avx, avx2, aes, clmul, erms, rtm, 3dnowpref, lzcnt, tsc, tscinvbit, bmi1, bmi2, adx

Memory: 4k page, physical 8282212k(2654392k free), swap 10641508k(2349968k free)

vm_info: Java HotSpot(TM) 64-Bit Server VM (25.202-b08) for windows-amd64 JRE (1.8.0_202-b08), built on Dec 15 2018 19:54:30 by "java_re" with MS VC++ 10.0 (VS2010)

time: Tue Jul 02 15:30:11 2019
timezone: SE Asia Standard Time
elapsed time: 0 seconds (0d 0h 0m 0s)

